DEBUG:root:Start style.py
DEBUG:root:Adding center enviroment
DEBUG:root:Adding Large
DEBUG:root:Adding center enviroment
DEBUG:root:Adding Large
DEBUG:root:Adding center enviroment
DEBUG:root:Adding LARGE
DEBUG:root:Adding Large
DEBUG:root:We have work to do!
DEBUG:root:End style.py
DEBUG:root:Start style.py
DEBUG:root:Adding center enviroment
DEBUG:root:Adding Large
DEBUG:root:Adding center enviroment
DEBUG:root:Adding Large
DEBUG:root:Adding center enviroment
DEBUG:root:Adding LARGE
DEBUG:root:Adding Large
DEBUG:root:We have work to do!
DEBUG:root:End style.py
DEBUG:root:Start style.py
DEBUG:root:Adding center enviroment
DEBUG:root:Adding Large
DEBUG:root:Adding center enviroment
DEBUG:root:Adding Large
DEBUG:root:Adding center enviroment
DEBUG:root:Adding LARGE
DEBUG:root:Adding Large
DEBUG:root:We have work to do!
DEBUG:root:End style.py
DEBUG:root:Start style.py
DEBUG:root:Adding center enviroment
DEBUG:root:Adding Large
DEBUG:root:Adding center enviroment
DEBUG:root:Adding Large
DEBUG:root:Adding center enviroment
DEBUG:root:Adding LARGE
DEBUG:root:Adding Large
DEBUG:root:We have work to do!
DEBUG:root:Start style.py
DEBUG:root:Adding center enviroment
DEBUG:root:Adding Large
DEBUG:root:Adding center enviroment
DEBUG:root:Adding Large
DEBUG:root:Adding center enviroment
DEBUG:root:Adding LARGE
DEBUG:root:Adding Large
DEBUG:root:We have work to do!
DEBUG:root:Start style.py
DEBUG:root:Adding center enviroment
DEBUG:root:Adding Large
DEBUG:root:Adding center enviroment
DEBUG:root:Adding Large
DEBUG:root:Adding center enviroment
DEBUG:root:Adding LARGE
DEBUG:root:Adding Large
DEBUG:root:We have work to do!
DEBUG:root:Start style.py
DEBUG:root:Adding center enviroment
DEBUG:root:Adding Large
DEBUG:root:Adding center enviroment
DEBUG:root:Adding Large
DEBUG:root:Adding center enviroment
DEBUG:root:Adding LARGE
DEBUG:root:Adding Large
DEBUG:root:We have work to do!
DEBUG:root:Start style.py
DEBUG:root:Adding center enviroment
DEBUG:root:Adding Large
DEBUG:root:Adding center enviroment
DEBUG:root:Adding Large
DEBUG:root:Adding center enviroment
DEBUG:root:Adding LARGE
DEBUG:root:Adding Large
DEBUG:root:We have work to do!
DEBUG:root:Start style.py
DEBUG:root:Adding center enviroment
DEBUG:root:Adding Large
DEBUG:root:Adding center enviroment
DEBUG:root:Adding Large
DEBUG:root:Adding center enviroment
DEBUG:root:Adding LARGE
DEBUG:root:Adding Large
DEBUG:root:We have work to do!
DEBUG:root:Start style.py
DEBUG:root:Adding center enviroment
DEBUG:root:Adding Large
DEBUG:root:Adding center enviroment
DEBUG:root:Adding Large
DEBUG:root:Adding center enviroment
DEBUG:root:Adding LARGE
DEBUG:root:Adding Large
DEBUG:root:We have work to do!
DEBUG:root:Start style.py
DEBUG:root:Adding center enviroment
DEBUG:root:Adding Large
DEBUG:root:Adding center enviroment
DEBUG:root:Adding Large
DEBUG:root:Adding center enviroment
DEBUG:root:Adding LARGE
DEBUG:root:Adding Large
DEBUG:root:We have work to do!
DEBUG:root:Start style.py
DEBUG:root:Adding center enviroment
DEBUG:root:Adding Large
DEBUG:root:Adding center enviroment
DEBUG:root:Adding Large
DEBUG:root:Adding center enviroment
DEBUG:root:Adding LARGE
DEBUG:root:Adding Large
DEBUG:root:We have work to do!
DEBUG:root:Start style.py
DEBUG:root:Adding center enviroment
DEBUG:root:Adding Large
DEBUG:root:Adding center enviroment
DEBUG:root:Adding Large
DEBUG:root:Adding center enviroment
DEBUG:root:Adding LARGE
DEBUG:root:Adding Large
DEBUG:root:We have work to do!
DEBUG:root:Start style.py
DEBUG:root:Adding center enviroment
DEBUG:root:Adding Large
DEBUG:root:Adding center enviroment
DEBUG:root:Adding Large
DEBUG:root:Adding center enviroment
DEBUG:root:Adding LARGE
DEBUG:root:Adding Large
DEBUG:root:We have work to do!
DEBUG:root:Start style.py
DEBUG:root:Adding center enviroment
DEBUG:root:Adding Large
DEBUG:root:Adding center enviroment
DEBUG:root:Adding Large
DEBUG:root:Adding center enviroment
DEBUG:root:Adding LARGE
DEBUG:root:Adding Large
DEBUG:root:We have work to do!
DEBUG:root:End style.py
DEBUG:root:Start style.py
DEBUG:root:Adding center enviroment
DEBUG:root:Adding Large
DEBUG:root:Adding center enviroment
DEBUG:root:Adding Large
DEBUG:root:Adding center enviroment
DEBUG:root:Adding LARGE
DEBUG:root:Adding Large
DEBUG:root:We have work to do!
DEBUG:root:End style.py
DEBUG:root:Start style.py
DEBUG:root:Adding center enviroment
DEBUG:root:Adding Large
DEBUG:root:Adding center enviroment
DEBUG:root:Adding Large
DEBUG:root:Adding center enviroment
DEBUG:root:Adding LARGE
DEBUG:root:Adding Large
DEBUG:root:We have work to do!
DEBUG:root:End style.py
DEBUG:root:Start style.py
DEBUG:root:Adding center enviroment
DEBUG:root:Adding Large
DEBUG:root:Adding center enviroment
DEBUG:root:Adding Large
DEBUG:root:Adding center enviroment
DEBUG:root:Adding LARGE
DEBUG:root:Adding Large
DEBUG:root:We have work to do!
DEBUG:root:Start style.py
DEBUG:root:Adding center enviroment
DEBUG:root:Adding Large
DEBUG:root:Adding center enviroment
DEBUG:root:Adding Large
DEBUG:root:Adding center enviroment
DEBUG:root:Adding LARGE
DEBUG:root:Adding Large
DEBUG:root:We have work to do!
DEBUG:root:Start style.py
DEBUG:root:Start style.py
DEBUG:root:Adding center enviroment
DEBUG:root:Adding new fontsizeLarge
DEBUG:root:Adding center enviroment
DEBUG:root:Adding new fontsizeLarge
DEBUG:root:Adding center enviroment
DEBUG:root:Adding new fontsizeLARGE
DEBUG:root:Adding new fontsizesmall
DEBUG:root:Adding new fontsizeLarge
DEBUG:root:We have work to do!
DEBUG:root:End style.py
DEBUG:root:Start style.py
DEBUG:root:Adding center enviroment
DEBUG:root:Adding new fontsizeLarge
DEBUG:root:Adding center enviroment
DEBUG:root:Adding new fontsizeLarge
DEBUG:root:Adding center enviroment
DEBUG:root:Adding new fontsizeLARGE
DEBUG:root:Adding new fontsizesmall
DEBUG:root:Adding new fontsizeLarge
DEBUG:root:End style.py
DEBUG:root:Start style.py
DEBUG:root:Adding center enviroment
DEBUG:root:Adding new fontsizeLarge
DEBUG:root:Adding center enviroment
DEBUG:root:Adding new fontsizeLarge
DEBUG:root:Adding center enviroment
DEBUG:root:Adding new fontsizeLARGE
DEBUG:root:Adding new fontsizesmall
DEBUG:root:Adding new fontsizeLarge
DEBUG:root:End style.py
DEBUG:root:Start style.py
DEBUG:root:Adding center enviroment
DEBUG:root:Adding new fontsizeLarge
DEBUG:root:Adding center enviroment
DEBUG:root:Adding new fontsizeLarge
DEBUG:root:Adding center enviroment
DEBUG:root:Adding new fontsizeLARGE
DEBUG:root:Adding new fontsizesmall
DEBUG:root:Adding new fontsizeLarge
DEBUG:root:End style.py
DEBUG:root:Start style.py
DEBUG:root:Adding center enviroment
DEBUG:root:Adding new fontsizeLarge
DEBUG:root:Adding center enviroment
DEBUG:root:Adding new fontsizeLarge
DEBUG:root:Adding center enviroment
DEBUG:root:Adding new fontsizeLARGE
DEBUG:root:Adding new fontsizesmall
DEBUG:root:Adding new fontsizeLarge
DEBUG:root:We have work to do!
DEBUG:root:End style.py
DEBUG:root:Start style.py
DEBUG:root:Adding center enviroment
DEBUG:root:Adding new fontsizeLarge
DEBUG:root:Adding center enviroment
DEBUG:root:Adding new fontsizeLarge
DEBUG:root:Adding center enviroment
DEBUG:root:Adding new fontsizeLARGE
DEBUG:root:Adding new fontsizesmall
DEBUG:root:Adding new fontsizeLarge
DEBUG:root:We have work to do!
DEBUG:root:End style.py
DEBUG:root:Start style.py
DEBUG:root:Adding center enviroment
DEBUG:root:Adding new fontsizeLarge
DEBUG:root:Adding center enviroment
DEBUG:root:Adding new fontsizeLarge
DEBUG:root:Adding center enviroment
DEBUG:root:Adding new fontsizeLARGE
DEBUG:root:Adding new fontsizesmall
DEBUG:root:Adding new fontsizeLarge
DEBUG:root:Adding new fontsizetiny
DEBUG:root:Adding new fontsizescriptsize
DEBUG:root:Adding new fontsizefootnotesize
DEBUG:root:Adding new fontsizesmall
DEBUG:root:Adding new fontsizenormalsize
DEBUG:root:Adding new fontsizeLarge
DEBUG:root:Adding new fontsizeLarge
DEBUG:root:Adding new fontsizehuge
DEBUG:root:Adding new fontsizeHuge
DEBUG:root:We have work to do!
DEBUG:root:End style.py
DEBUG:root:Start style.py
DEBUG:root:Adding center enviroment
DEBUG:root:Adding new fontsizeLarge
DEBUG:root:Adding center enviroment
DEBUG:root:Adding new fontsizeLarge
DEBUG:root:Adding center enviroment
DEBUG:root:Adding new fontsizeLARGE
DEBUG:root:Adding new fontsizesmall
DEBUG:root:Adding new fontsizeLarge
DEBUG:root:Adding new fontsizetiny
DEBUG:root:Adding new fontsizescriptsize
DEBUG:root:Adding new fontsizefootnotesize
DEBUG:root:Adding new fontsizesmall
DEBUG:root:Adding new fontsizenormalsize
DEBUG:root:Adding new fontsizeLarge
DEBUG:root:Adding new fontsizeLarge
DEBUG:root:Adding new fontsizehuge
DEBUG:root:Adding new fontsizeHuge
DEBUG:root:We have work to do!
DEBUG:root:End style.py
DEBUG:root:Start style.py
DEBUG:root:Adding center enviroment
DEBUG:root:Start style.py
DEBUG:root:Adding center enviroment
DEBUG:root:Adding new fontsizeLarge
DEBUG:root:Adding center enviroment
DEBUG:root:Adding new fontsizeLarge
DEBUG:root:Adding center enviroment
DEBUG:root:Adding new fontsizeLARGE
DEBUG:root:Adding new fontsizesmall
DEBUG:root:Adding new fontsizeLarge
DEBUG:root:Adding new fontsizetiny
DEBUG:root:Adding new fontsizescriptsize
DEBUG:root:Adding new fontsizefootnotesize
DEBUG:root:Adding new fontsizesmall
DEBUG:root:Adding new fontsizenormalsize
DEBUG:root:Adding new fontsizeLarge
DEBUG:root:Adding new fontsizeLarge
DEBUG:root:Adding new fontsizehuge
DEBUG:root:Adding new fontsizeHuge
DEBUG:root:We have work to do!
DEBUG:root:End style.py
DEBUG:root:Start style.py
DEBUG:root:Adding center enviroment
DEBUG:root:Adding new fontsizeLarge
DEBUG:root:Adding center enviroment
DEBUG:root:Adding new fontsizeLarge
DEBUG:root:Adding center enviroment
DEBUG:root:Adding new fontsizeLARGE
DEBUG:root:Adding new fontsizesmall
DEBUG:root:Adding new fontsizeLarge
DEBUG:root:Adding new fontsizetiny
DEBUG:root:Adding new fontsizescriptsize
DEBUG:root:Adding new fontsizefootnotesize
DEBUG:root:Adding new fontsizesmall
DEBUG:root:Adding new fontsizenormalsize
DEBUG:root:Adding new fontsizeLarge
DEBUG:root:Adding new fontsizeLarge
DEBUG:root:Adding new fontsizehuge
DEBUG:root:Adding new fontsizeHuge
DEBUG:root:We have work to do!
DEBUG:root:End style.py
